{"meta": {"format": 3, "version": "7.13.1", "timestamp": "2026-02-20T23:18:05.393690", "branch_coverage": true, "show_contexts": false}, "files": {"atlasforge_conductor.py": {"executed_lines": [18, 19, 20, 21, 22, 23, 24, 25, 26, 27, 28, 29, 30, 31, 34, 35, 38, 49, 50, 51, 52, 53, 54, 59, 64, 65, 66, 72, 73, 81, 92, 94, 95, 96, 97, 99, 109, 118, 119, 120, 121, 122, 125, 126, 127, 128, 129, 130, 131, 134, 137, 138, 139, 140, 141, 142, 145, 154, 157, 160, 165, 168, 169, 172, 180, 185, 190, 195, 205, 260, 269, 294, 309, 315, 316, 323, 338, 343, 354, 359, 376, 378, 379, 380, 383, 404, 412, 419, 424, 434, 435, 438, 440, 441, 444, 466, 487, 488, 490, 491, 492, 493, 494, 495, 498, 499, 500, 501, 502, 503, 505, 516, 517, 520, 521, 522, 523, 524, 525, 526, 528, 529, 530, 531, 532, 533, 534, 535, 536, 537, 538, 539, 540, 541, 542, 543, 545, 546, 548, 549, 551, 552, 553, 554, 555, 556, 557, 558, 559, 561, 562, 564, 565, 566, 571, 572, 573, 577, 578, 579, 583, 584, 588, 589, 591, 593, 594, 596, 597, 598, 599, 600, 603, 616, 617, 618, 620, 621, 622, 624, 625, 626, 627, 628, 629, 630, 631, 632, 633, 634, 635, 636, 637, 638, 639, 640, 641, 643, 646, 660, 661, 662, 665, 688, 689, 692, 693, 694, 695, 699, 700, 701, 702, 703, 714, 715, 716, 717, 718, 720, 721, 722, 726, 727, 734, 735, 736, 738, 756, 833, 921, 924, 927, 930, 945, 946, 951, 952, 953, 955, 958, 987, 988, 991, 992, 996, 997, 998, 1001, 1004, 1007, 1034, 1037, 1109, 1110, 1114, 1122, 1131, 1133, 1134, 1135, 1136, 1140, 1147, 1148, 1149, 1156, 1161, 1163, 1164, 1165, 1166, 1168, 1170, 1171, 1172, 1173, 1174, 1176, 1187, 1188, 1189, 1211, 1212, 1213, 1216, 1218, 1220, 1221, 1222, 1223, 1225, 1226, 1230, 1231, 1232, 1235, 1236, 1237, 1240, 1241, 1242, 1243, 1246, 1252, 1253, 1254, 1259, 1265, 1266, 1267, 1272, 1285, 1312, 1898, 1935, 2017, 2052], "summary": {"covered_lines": 318, "num_statements": 906, "percent_covered": 33.58714043993232, "percent_covered_display": "34", "missing_lines": 588, "excluded_lines": 0, "percent_statements_covered": 35.09933774834437, "percent_statements_covered_display": "35", "num_branches": 276, "num_partial_branches": 15, "covered_branches": 79, "missing_branches": 197, "percent_branches_covered": 28.6231884057971, "percent_branches_covered_display": "29"}, "missing_lines": [60, 61, 67, 68, 69, 82, 83, 84, 85, 86, 87, 88, 89, 110, 111, 174, 175, 176, 177, 182, 187, 192, 197, 198, 199, 200, 201, 202, 213, 214, 215, 216, 218, 219, 223, 224, 225, 226, 227, 228, 230, 232, 233, 234, 235, 237, 238, 240, 241, 242, 243, 244, 247, 248, 249, 250, 255, 256, 257, 262, 263, 264, 265, 266, 279, 280, 281, 282, 283, 284, 285, 286, 287, 288, 289, 290, 291, 297, 298, 299, 300, 301, 302, 303, 304, 306, 311, 312, 325, 340, 345, 356, 361, 362, 363, 364, 369, 370, 371, 373, 385, 387, 388, 389, 390, 396, 397, 398, 400, 401, 406, 407, 408, 409, 414, 420, 421, 425, 426, 447, 448, 449, 450, 451, 452, 453, 454, 455, 456, 457, 458, 459, 460, 461, 462, 463, 704, 706, 707, 708, 709, 710, 723, 724, 776, 777, 778, 785, 786, 791, 792, 793, 804, 805, 807, 808, 809, 810, 811, 812, 813, 815, 816, 817, 819, 820, 822, 823, 825, 826, 827, 828, 829, 830, 843, 844, 845, 846, 849, 850, 851, 852, 853, 854, 856, 857, 858, 859, 1002, 1115, 1116, 1119, 1141, 1142, 1143, 1150, 1152, 1153, 1154, 1158, 1159, 1178, 1179, 1180, 1181, 1182, 1190, 1191, 1192, 1193, 1195, 1196, 1197, 1198, 1200, 1201, 1202, 1203, 1205, 1206, 1207, 1217, 1224, 1234, 1255, 1256, 1268, 1269, 1277, 1278, 1279, 1280, 1281, 1282, 1292, 1293, 1295, 1305, 1325, 1326, 1327, 1330, 1332, 1333, 1334, 1341, 1342, 1343, 1346, 1347, 1348, 1349, 1351, 1353, 1354, 1355, 1356, 1357, 1360, 1361, 1363, 1364, 1365, 1366, 1367, 1369, 1371, 1372, 1373, 1376, 1378, 1379, 1380, 1382, 1383, 1384, 1385, 1387, 1388, 1391, 1392, 1393, 1394, 1397, 1398, 1399, 1400, 1401, 1404, 1405, 1406, 1407, 1408, 1409, 1410, 1411, 1412, 1413, 1414, 1415, 1416, 1419, 1423, 1424, 1425, 1426, 1429, 1436, 1445, 1455, 1458, 1461, 1462, 1465, 1466, 1468, 1469, 1470, 1471, 1472, 1473, 1477, 1478, 1480, 1481, 1483, 1484, 1487, 1490, 1491, 1495, 1496, 1497, 1499, 1501, 1502, 1503, 1505, 1507, 1510, 1512, 1513, 1514, 1516, 1518, 1522, 1525, 1529, 1531, 1533, 1535, 1537, 1538, 1539, 1540, 1542, 1543, 1547, 1549, 1553, 1555, 1557, 1558, 1563, 1564, 1565, 1570, 1571, 1572, 1573, 1579, 1580, 1581, 1582, 1586, 1587, 1588, 1589, 1590, 1591, 1594, 1595, 1596, 1597, 1598, 1599, 1600, 1601, 1602, 1609, 1610, 1612, 1613, 1616, 1617, 1622, 1623, 1625, 1631, 1632, 1634, 1641, 1642, 1643, 1646, 1647, 1648, 1649, 1650, 1651, 1652, 1653, 1654, 1656, 1657, 1658, 1661, 1662, 1665, 1675, 1676, 1679, 1680, 1690, 1691, 1694, 1695, 1698, 1699, 1702, 1705, 1706, 1707, 1708, 1709, 1710, 1712, 1713, 1714, 1717, 1718, 1721, 1722, 1729, 1730, 1732, 1740, 1743, 1746, 1747, 1750, 1751, 1760, 1761, 1763, 1764, 1765, 1766, 1767, 1769, 1770, 1771, 1780, 1783, 1784, 1785, 1787, 1788, 1789, 1792, 1794, 1796, 1797, 1798, 1799, 1800, 1801, 1802, 1803, 1804, 1805, 1807, 1809, 1811, 1812, 1813, 1819, 1820, 1821, 1822, 1823, 1828, 1829, 1830, 1833, 1835, 1836, 1842, 1845, 1848, 1856, 1857, 1860, 1863, 1864, 1865, 1866, 1869, 1870, 1876, 1879, 1881, 1882, 1883, 1885, 1886, 1887, 1888, 1890, 1891, 1900, 1941, 1942, 1944, 1945, 1946, 1948, 1950, 1951, 1952, 1953, 1954, 1956, 1958, 1960, 1961, 1962, 1963, 1965, 1968, 1969, 1970, 1971, 1972, 1976, 1977, 1979, 1980, 1981, 1982, 1985, 1987, 1988, 1990, 1998, 1999, 2001, 2002, 2004, 2005, 2006, 2008, 2009, 2010, 2019, 2021, 2023, 2024, 2025, 2027, 2028, 2029, 2030, 2032, 2033, 2036, 2038, 2039, 2040, 2042, 2043, 2044, 2045, 2047, 2048, 2049, 2053, 2054], "excluded_lines": [], "executed_branches": [[52, 53], [96, 97], [487, 488], [487, 490], [495, 498], [495, 503], [499, 500], [499, 503], [501, 502], [501, 503], [523, 524], [523, 528], [548, 549], [548, 561], [551, 552], [551, 558], [554, 555], [554, 558], [564, 565], [564, 593], [578, 579], [578, 583], [583, 584], [583, 588], [588, 589], [588, 591], [617, 618], [617, 620], [624, 625], [624, 643], [625, 626], [625, 628], [628, 629], [628, 631], [631, 632], [631, 634], [634, 635], [634, 636], [636, 637], [636, 638], [638, 624], [638, 639], [640, 624], [640, 641], [688, 689], [688, 692], [700, 701], [700, 714], [715, 716], [715, 726], [987, 988], [987, 991], [991, 992], [991, 996], [997, 998], [997, 1001], [1001, 1004], [1114, 1122], [1133, 1134], [1133, 1240], [1140, 1147], [1156, 1161], [1161, 1163], [1161, 1176], [1165, 1166], [1171, 1172], [1176, 1187], [1189, 1211], [1216, 1218], [1218, 1220], [1218, 1230], [1223, 1225], [1230, 1133], [1230, 1231], [1231, 1232], [1252, -1246], [1252, 1253], [1265, 1266], [2052, -1]], "missing_branches": [[52, 54], [96, 99], [175, 176], [175, 177], [199, 200], [199, 202], [214, 215], [214, 230], [216, 218], [216, 219], [223, 224], [223, 225], [225, 226], [225, 227], [230, 232], [230, 247], [233, 234], [233, 235], [238, 240], [238, 241], [241, 242], [241, 244], [255, 256], [255, 257], [288, 289], [288, 291], [297, -294], [297, 298], [362, 363], [362, 364], [369, 370], [369, 371], [388, 389], [388, 390], [396, 397], [396, 398], [407, 408], [407, 409], [425, -424], [425, 426], [449, 450], [449, 451], [804, 805], [804, 822], [807, 808], [807, 815], [810, 811], [810, 815], [815, 816], [815, 819], [845, 846], [845, 849], [851, 852], [851, 856], [1001, 1002], [1114, 1115], [1115, 1116], [1115, 1119], [1140, 1141], [1156, 1158], [1165, 1187], [1171, 1187], [1176, 1178], [1189, 1190], [1191, 1192], [1191, 1211], [1197, 1198], [1197, 1205], [1216, 1217], [1223, 1224], [1231, 1234], [1265, -1259], [1278, 1279], [1278, 1282], [1280, 1281], [1280, 1282], [1330, 1332], [1330, 1346], [1334, 1341], [1334, 1351], [1346, 1347], [1346, 1351], [1360, 1361], [1360, 1371], [1383, 1384], [1383, 1885], [1391, 1392], [1391, 1397], [1398, 1399], [1398, 1423], [1404, 1405], [1404, 1409], [1409, 1410], [1409, 1413], [1413, 1414], [1413, 1419], [1423, 1424], [1423, 1487], [1461, 1462], [1461, 1465], [1465, 1466], [1465, 1468], [1468, 1469], [1468, 1477], [1480, 1481], [1480, 1483], [1507, 1510], [1507, 1533], [1516, 1518], [1516, 1525], [1533, 1535], [1533, 1557], [1542, 1543], [1542, 1549], [1557, 1558], [1557, 1563], [1564, -1499], [1564, 1565], [1570, 1571], [1570, 1586], [1579, 1580], [1579, 1586], [1587, 1588], [1587, 1589], [1589, 1590], [1589, 1591], [1594, 1595], [1594, 1609], [1599, 1600], [1599, 1609], [1609, 1610], [1609, 1634], [1634, 1641], [1634, 1792], [1641, 1642], [1641, 1702], [1646, 1647], [1646, 1650], [1650, 1651], [1650, 1656], [1705, 1706], [1705, 1743], [1712, 1713], [1712, 1714], [1763, 1764], [1763, 1783], [1769, 1770], [1769, 1771], [1794, 1796], [1794, 1807], [1800, 1801], [1800, 1807], [1802, 1803], [1802, 1807], [1807, 1809], [1807, 1842], [1811, 1812], [1811, 1819], [1820, 1821], [1820, 1823], [1835, 1836], [1835, 1845], [1856, 1857], [1856, 1860], [1863, 1864], [1863, 1876], [1869, 1870], [1869, 1876], [1887, 1888], [1887, 1890], [1961, 1962], [1961, 2008], [1969, 1970], [1969, 1976], [1979, 1980], [1979, 1985], [1987, 1988], [1987, 2001], [1998, 1999], [1998, 2001], [2019, 2021], [2019, 2036], [2023, 2024], [2023, 2027], [2027, 2028], [2027, 2029], [2029, 2030], [2029, 2032], [2038, 2039], [2038, 2042], [2039, 2038], [2039, 2040], [2042, 2043], [2042, 2044], [2044, 2045], [2044, 2047], [2052, 2053]], "functions": {"_env_flag_enabled": {"executed_lines": [], "summary": {"covered_lines": 0, "num_statements": 4, "percent_covered": 0.0, "percent_covered_display": "0", "missing_lines": 4, "excluded_lines": 0, "percent_statements_covered": 0.0, "percent_statements_covered_display": "0", "num_branches": 2, "num_partial_branches": 0, "covered_branches": 0, "missing_branches": 2, "percent_branches_covered": 0.0, "percent_branches_covered_display": "0"}, "missing_lines": [174, 175, 176, 177], "excluded_lines": [], "start_line": 172, "executed_branches": [], "missing_branches": [[175, 176], [175, 177]]}, "_codex_web_search_enabled": {"executed_lines": [], "summary": {"covered_lines": 0, "num_statements": 1, "percent_covered": 0.0, "percent_covered_display": "0", "missing_lines": 1, "excluded_lines": 0, "percent_statements_covered": 0.0, "percent_statements_covered_display": "0", "num_branches": 0, "num_partial_branches": 0, "covered_branches": 0, "missing_branches": 0, "percent_branches_covered": 100.0, "percent_branches_covered_display": "100"}, "missing_lines": [182], "excluded_lines": [], "start_line": 180, "executed_branches": [], "missing_branches": []}, "_codex_autonomous_enabled": {"executed_lines": [], "summary": {"covered_lines": 0, "num_statements": 1, "percent_covered": 0.0, "percent_covered_display": "0", "missing_lines": 1, "excluded_lines": 0, "percent_statements_covered": 0.0, "percent_statements_covered_display": "0", "num_branches": 0, "num_partial_branches": 0, "covered_branches": 0, "missing_branches": 0, "percent_branches_covered": 100.0, "percent_branches_covered_display": "100"}, "missing_lines": [187], "excluded_lines": [], "start_line": 185, "executed_branches": [], "missing_branches": []}, "_gemini_autonomous_enabled": {"executed_lines": [], "summary": {"covered_lines": 0, "num_statements": 1, "percent_covered": 0.0, "percent_covered_display": "0", "missing_lines": 1, "excluded_lines": 0, "percent_statements_covered": 0.0, "percent_statements_covered_display": "0", "num_branches": 0, "num_partial_branches": 0, "covered_branches": 0, "missing_branches": 0, "percent_branches_covered": 100.0, "percent_branches_covered_display": "100"}, "missing_lines": [192], "excluded_lines": [], "start_line": 190, "executed_branches": [], "missing_branches": []}, "get_llm_provider": {"executed_lines": [], "summary": {"covered_lines": 0, "num_statements": 6, "percent_covered": 0.0, "percent_covered_display": "0", "missing_lines": 6, "excluded_lines": 0, "percent_statements_covered": 0.0, "percent_statements_covered_display": "0", "num_branches": 2, "num_partial_branches": 0, "covered_branches": 0, "missing_branches": 2, "percent_branches_covered": 0.0, "percent_branches_covered_display": "0"}, "missing_lines": [197, 198, 199, 200, 201, 202], "excluded_lines": [], "start_line": 195, "executed_branches": [], "missing_branches": [[199, 200], [199, 202]]}, "build_llm_command": {"executed_lines": [], "summary": {"covered_lines": 0, "num_statements": 31, "percent_covered": 0.0, "percent_covered_display": "0", "missing_lines": 31, "excluded_lines": 0, "percent_statements_covered": 0.0, "percent_statements_covered_display": "0", "num_branches": 18, "num_partial_branches": 0, "covered_branches": 0, "missing_branches": 18, "percent_branches_covered": 0.0, "percent_branches_covered_display": "0"}, "missing_lines": [213, 214, 215, 216, 218, 219, 223, 224, 225, 226, 227, 228, 230, 232, 233, 234, 235, 237, 238, 240, 241, 242, 243, 244, 247, 248, 249, 250, 255, 256, 257], "excluded_lines": [], "start_line": 205, "executed_branches": [], "missing_branches": [[214, 215], [214, 230], [216, 218], [216, 219], [223, 224], [223, 225], [225, 226], [225, 227], [230, 232], [230, 247], [233, 234], [233, 235], [238, 240], [238, 241], [241, 242], [241, 244], [255, 256], [255, 257]]}, "_llm_command_preview": {"executed_lines": [], "summary": {"covered_lines": 0, "num_statements": 5, "percent_covered": 0.0, "percent_covered_display": "0", "missing_lines": 5, "excluded_lines": 0, "percent_statements_covered": 0.0, "percent_statements_covered_display": "0", "num_branches": 0, "num_partial_branches": 0, "covered_branches": 0, "missing_branches": 0, "percent_branches_covered": 100.0, "percent_branches_covered_display": "100"}, "missing_lines": [262, 263, 264, 265, 266], "excluded_lines": [], "start_line": 260, "executed_branches": [], "missing_branches": []}, "acquire_conductor_lock": {"executed_lines": [], "summary": {"covered_lines": 0, "num_statements": 13, "percent_covered": 0.0, "percent_covered_display": "0", "missing_lines": 13, "excluded_lines": 0, "percent_statements_covered": 0.0, "percent_statements_covered_display": "0", "num_branches": 2, "num_partial_branches": 0, "covered_branches": 0, "missing_branches": 2, "percent_branches_covered": 0.0, "percent_branches_covered_display": "0"}, "missing_lines": [279, 280, 281, 282, 283, 284, 285, 286, 287, 288, 289, 290, 291], "excluded_lines": [], "start_line": 269, "executed_branches": [], "missing_branches": [[288, 289], [288, 291]]}, "release_conductor_lock": {"executed_lines": [], "summary": {"covered_lines": 0, "num_statements": 9, "percent_covered": 0.0, "percent_covered_display": "0", "missing_lines": 9, "excluded_lines": 0, "percent_statements_covered": 0.0, "percent_statements_covered_display": "0", "num_branches": 2, "num_partial_branches": 0, "covered_branches": 0, "missing_branches": 2, "percent_branches_covered": 0.0, "percent_branches_covered_display": "0"}, "missing_lines": [297, 298, 299, 300, 301, 302, 303, 304, 306], "excluded_lines": [], "start_line": 294, "executed_branches": [], "missing_branches": [[297, -294], [297, 298]]}, "signal_handler": {"executed_lines": [], "summary": {"covered_lines": 0, "num_statements": 2, "percent_covered": 0.0, "percent_covered_display": "0", "missing_lines": 2, "excluded_lines": 0, "percent_statements_covered": 0.0, "percent_statements_covered_display": "0", "num_branches": 0, "num_partial_branches": 0, "covered_branches": 0, "missing_branches": 0, "percent_branches_covered": 100.0, "percent_branches_covered_display": "100"}, "missing_lines": [311, 312], "excluded_lines": [], "start_line": 309, "executed_branches": [], "missing_branches": []}, "load_state": {"executed_lines": [], "summary": {"covered_lines": 0, "num_statements": 1, "percent_covered": 0.0, "percent_covered_display": "0", "missing_lines": 1, "excluded_lines": 0, "percent_statements_covered": 0.0, "percent_statements_covered_display": "0", "num_branches": 0, "num_partial_branches": 0, "covered_branches": 0, "missing_branches": 0, "percent_branches_covered": 100.0, "percent_branches_covered_display": "100"}, "missing_lines": [325], "excluded_lines": [], "start_line": 323, "executed_branches": [], "missing_branches": []}, "save_state": {"executed_lines": [], "summary": {"covered_lines": 0, "num_statements": 1, "percent_covered": 0.0, "percent_covered_display": "0", "missing_lines": 1, "excluded_lines": 0, "percent_statements_covered": 0.0, "percent_statements_covered_display": "0", "num_branches": 0, "num_partial_branches": 0, "covered_branches": 0, "missing_branches": 0, "percent_branches_covered": 100.0, "percent_branches_covered_display": "100"}, "missing_lines": [340], "excluded_lines": [], "start_line": 338, "executed_branches": [], "missing_branches": []}, "load_memory": {"executed_lines": [], "summary": {"covered_lines": 0, "num_statements": 1, "percent_covered": 0.0, "percent_covered_display": "0", "missing_lines": 1, "excluded_lines": 0, "percent_statements_covered": 0.0, "percent_statements_covered_display": "0", "num_branches": 0, "num_partial_branches": 0, "covered_branches": 0, "missing_branches": 0, "percent_branches_covered": 100.0, "percent_branches_covered_display": "100"}, "missing_lines": [345], "excluded_lines": [], "start_line": 343, "executed_branches": [], "missing_branches": []}, "save_memory": {"executed_lines": [], "summary": {"covered_lines": 0, "num_statements": 1, "percent_covered": 0.0, "percent_covered_display": "0", "missing_lines": 1, "excluded_lines": 0, "percent_statements_covered": 0.0, "percent_statements_covered_display": "0", "num_branches": 0, "num_partial_branches": 0, "covered_branches": 0, "missing_branches": 0, "percent_branches_covered": 100.0, "percent_branches_covered_display": "100"}, "missing_lines": [356], "excluded_lines": [], "start_line": 354, "executed_branches": [], "missing_branches": []}, "add_to_memory": {"executed_lines": [], "summary": {"covered_lines": 0, "num_statements": 2, "percent_covered": 0.0, "percent_covered_display": "0", "missing_lines": 2, "excluded_lines": 0, "percent_statements_covered": 0.0, "percent_statements_covered_display": "0", "num_branches": 0, "num_partial_branches": 0, "covered_branches": 0, "missing_branches": 0, "percent_branches_covered": 100.0, "percent_branches_covered_display": "100"}, "missing_lines": [361, 373], "excluded_lines": [], "start_line": 359, "executed_branches": [], "missing_branches": []}, "add_to_memory.update_fn": {"executed_lines": [], "summary": {"covered_lines": 0, "num_statements": 6, "percent_covered": 0.0, "percent_covered_display": "0", "missing_lines": 6, "excluded_lines": 0, "percent_statements_covered": 0.0, "percent_statements_covered_display": "0", "num_branches": 4, "num_partial_branches": 0, "covered_branches": 0, "missing_branches": 4, "percent_branches_covered": 0.0, "percent_branches_covered_display": "0"}, "missing_lines": [362, 363, 364, 369, 370, 371], "excluded_lines": [], "start_line": 361, "executed_branches": [], "missing_branches": [[362, 363], [362, 364], [369, 370], [369, 371]]}, "append_journal": {"executed_lines": [378, 379, 380], "summary": {"covered_lines": 3, "num_statements": 3, "percent_covered": 100.0, "percent_covered_display": "100", "missing_lines": 0, "excluded_lines": 0, "percent_statements_covered": 100.0, "percent_statements_covered_display": "100", "num_branches": 0, "num_partial_branches": 0, "covered_branches": 0, "missing_branches": 0, "percent_branches_covered": 100.0, "percent_branches_covered_display": "100"}, "missing_lines": [], "excluded_lines": [], "start_line": 376, "executed_branches": [], "missing_branches": []}, "send_to_chat": {"executed_lines": [], "summary": {"covered_lines": 0, "num_statements": 4, "percent_covered": 0.0, "percent_covered_display": "0", "missing_lines": 4, "excluded_lines": 0, "percent_statements_covered": 0.0, "percent_statements_covered_display": "0", "num_branches": 0, "num_partial_branches": 0, "covered_branches": 0, "missing_branches": 0, "percent_branches_covered": 100.0, "percent_branches_covered_display": "100"}, "missing_lines": [385, 387, 400, 401], "excluded_lines": [], "start_line": 383, "executed_branches": [], "missing_branches": []}, "send_to_chat.update_history": {"executed_lines": [], "summary": {"covered_lines": 0, "num_statements": 6, "percent_covered": 0.0, "percent_covered_display": "0", "missing_lines": 6, "excluded_lines": 0, "percent_statements_covered": 0.0, "percent_statements_covered_display": "0", "num_branches": 4, "num_partial_branches": 0, "covered_branches": 0, "missing_branches": 4, "percent_branches_covered": 0.0, "percent_branches_covered_display": "0"}, "missing_lines": [388, 389, 390, 396, 397, 398], "excluded_lines": [], "start_line": 387, "executed_branches": [], "missing_branches": [[388, 389], [388, 390], [396, 397], [396, 398]]}, "check_human_message": {"executed_lines": [], "summary": {"covered_lines": 0, "num_statements": 4, "percent_covered": 0.0, "percent_covered_display": "0", "missing_lines": 4, "excluded_lines": 0, "percent_statements_covered": 0.0, "percent_statements_covered_display": "0", "num_branches": 2, "num_partial_branches": 0, "covered_branches": 0, "missing_branches": 2, "percent_branches_covered": 0.0, "percent_branches_covered_display": "0"}, "missing_lines": [406, 407, 408, 409], "excluded_lines": [], "start_line": 404, "executed_branches": [], "missing_branches": [[407, 408], [407, 409]]}, "clear_human_message": {"executed_lines": [], "summary": {"covered_lines": 0, "num_statements": 1, "percent_covered": 0.0, "percent_covered_display": "0", "missing_lines": 1, "excluded_lines": 0, "percent_statements_covered": 0.0, "percent_statements_covered_display": "0", "num_branches": 0, "num_partial_branches": 0, "covered_branches": 0, "missing_branches": 0, "percent_branches_covered": 100.0, "percent_branches_covered_display": "100"}, "missing_lines": [414], "excluded_lines": [], "start_line": 412, "executed_branches": [], "missing_branches": []}, "save_pid": {"executed_lines": [], "summary": {"covered_lines": 0, "num_statements": 2, "percent_covered": 0.0, "percent_covered_display": "0", "missing_lines": 2, "excluded_lines": 0, "percent_statements_covered": 0.0, "percent_statements_covered_display": "0", "num_branches": 0, "num_partial_branches": 0, "covered_branches": 0, "missing_branches": 0, "percent_branches_covered": 100.0, "percent_branches_covered_display": "100"}, "missing_lines": [420, 421], "excluded_lines": [], "start_line": 419, "executed_branches": [], "missing_branches": []}, "remove_pid": {"executed_lines": [], "summary": {"covered_lines": 0, "num_statements": 2, "percent_covered": 0.0, "percent_covered_display": "0", "missing_lines": 2, "excluded_lines": 0, "percent_statements_covered": 0.0, "percent_statements_covered_display": "0", "num_branches": 2, "num_partial_branches": 0, "covered_branches": 0, "missing_branches": 2, "percent_branches_covered": 0.0, "percent_branches_covered_display": "0"}, "missing_lines": [425, 426], "excluded_lines": [], "start_line": 424, "executed_branches": [], "missing_branches": [[425, -424], [425, 426]]}, "get_active_claude_process": {"executed_lines": [440, 441], "summary": {"covered_lines": 2, "num_statements": 2, "percent_covered": 100.0, "percent_covered_display": "100", "missing_lines": 0, "excluded_lines": 0, "percent_statements_covered": 100.0, "percent_statements_covered_display": "100", "num_branches": 0, "num_partial_branches": 0, "covered_branches": 0, "missing_branches": 0, "percent_branches_covered": 100.0, "percent_branches_covered_display": "100"}, "missing_lines": [], "excluded_lines": [], "start_line": 438, "executed_branches": [], "missing_branches": []}, "terminate_active_claude": {"executed_lines": [], "summary": {"covered_lines": 0, "num_statements": 17, "percent_covered": 0.0, "percent_covered_display": "0", "missing_lines": 17, "excluded_lines": 0, "percent_statements_covered": 0.0, "percent_statements_covered_display": "0", "num_branches": 2, "num_partial_branches": 0, "covered_branches": 0, "missing_branches": 2, "percent_branches_covered": 0.0, "percent_branches_covered_display": "0"}, "missing_lines": [447, 448, 449, 450, 451, 452, 453, 454, 455, 456, 457, 458, 459, 460, 461, 462, 463], "excluded_lines": [], "start_line": 444, "executed_branches": [], "missing_branches": [[449, 450], [449, 451]]}, "invoke_llm": {"executed_lines": [487, 488, 490, 491, 492, 493, 494, 495, 498, 499, 500, 501, 502, 503, 505, 516, 517, 520, 521, 522, 523, 524, 525, 526, 528, 529, 530, 531, 532, 533, 534, 535, 536, 537, 538, 539, 540, 541, 542, 543, 545, 546, 548, 549, 551, 552, 553, 554, 555, 556, 557, 558, 559, 561, 562, 564, 565, 566, 571, 572, 573, 577, 578, 579, 583, 584, 588, 589, 591, 593, 594, 596, 597, 598, 599, 600], "summary": {"covered_lines": 76, "num_statements": 76, "percent_covered": 100.0, "percent_covered_display": "100", "missing_lines": 0, "excluded_lines": 0, "percent_statements_covered": 100.0, "percent_statements_covered_display": "100", "num_branches": 24, "num_partial_branches": 0, "covered_branches": 24, "missing_branches": 0, "percent_branches_covered": 100.0, "percent_branches_covered_display": "100"}, "missing_lines": [], "excluded_lines": [], "start_line": 466, "executed_branches": [[487, 488], [487, 490], [495, 498], [495, 503], [499, 500], [499, 503], [501, 502], [501, 503], [523, 524], [523, 528], [548, 549], [548, 561], [551, 552], [551, 558], [554, 555], [554, 558], [564, 565], [564, 593], [578, 579], [578, 583], [583, 584], [583, 588], [588, 589], [588, 591]], "missing_branches": []}, "_find_balanced_json": {"executed_lines": [616, 617, 618, 620, 621, 622, 624, 625, 626, 627, 628, 629, 630, 631, 632, 633, 634, 635, 636, 637, 638, 639, 640, 641, 643], "summary": {"covered_lines": 25, "num_statements": 25, "percent_covered": 100.0, "percent_covered_display": "100", "missing_lines": 0, "excluded_lines": 0, "percent_statements_covered": 100.0, "percent_statements_covered_display": "100", "num_branches": 18, "num_partial_branches": 0, "covered_branches": 18, "missing_branches": 0, "percent_branches_covered": 100.0, "percent_branches_covered_display": "100"}, "missing_lines": [], "excluded_lines": [], "start_line": 603, "executed_branches": [[617, 618], [617, 620], [624, 625], [624, 643], [625, 626], [625, 628], [628, 629], [628, 631], [631, 632], [631, 634], [634, 635], [634, 636], [636, 637], [636, 638], [638, 624], [638, 639], [640, 624], [640, 641]], "missing_branches": []}, "_cleanup_trailing_commas": {"executed_lines": [660, 661, 662], "summary": {"covered_lines": 3, "num_statements": 3, "percent_covered": 100.0, "percent_covered_display": "100", "missing_lines": 0, "excluded_lines": 0, "percent_statements_covered": 100.0, "percent_statements_covered_display": "100", "num_branches": 0, "num_partial_branches": 0, "covered_branches": 0, "missing_branches": 0, "percent_branches_covered": 100.0, "percent_branches_covered_display": "100"}, "missing_lines": [], "excluded_lines": [], "start_line": 646, "executed_branches": [], "missing_branches": []}, "extract_json_from_response": {"executed_lines": [688, 689, 692, 693, 694, 695, 699, 700, 701, 702, 703, 714, 715, 716, 717, 718, 720, 721, 722, 726, 727], "summary": {"covered_lines": 21, "num_statements": 29, "percent_covered": 77.14285714285714, "percent_covered_display": "77", "missing_lines": 8, "excluded_lines": 0, "percent_statements_covered": 72.41379310344827, "percent_statements_covered_display": "72", "num_branches": 6, "num_partial_branches": 0, "covered_branches": 6, "missing_branches": 0, "percent_branches_covered": 100.0, "percent_branches_covered_display": "100"}, "missing_lines": [704, 706, 707, 708, 709, 710, 723, 724], "excluded_lines": [], "start_line": 665, "executed_branches": [[688, 689], [688, 692], [700, 701], [700, 714], [715, 716], [715, 726]], "missing_branches": []}, "invoke_haiku_summary": {"executed_lines": [], "summary": {"covered_lines": 0, "num_statements": 30, "percent_covered": 0.0, "percent_covered_display": "0", "missing_lines": 30, "excluded_lines": 0, "percent_statements_covered": 0.0, "percent_statements_covered_display": "0", "num_branches": 8, "num_partial_branches": 0, "covered_branches": 0, "missing_branches": 8, "percent_branches_covered": 0.0, "percent_branches_covered_display": "0"}, "missing_lines": [776, 777, 778, 785, 786, 791, 792, 793, 804, 805, 807, 808, 809, 810, 811, 812, 813, 815, 816, 817, 819, 820, 822, 823, 825, 826, 827, 828, 829, 830], "excluded_lines": [], "start_line": 756, "executed_branches": [], "missing_branches": [[804, 805], [804, 822], [807, 808], [807, 815], [810, 811], [810, 815], [815, 816], [815, 819]]}, "get_recent_chat_context": {"executed_lines": [], "summary": {"covered_lines": 0, "num_statements": 14, "percent_covered": 0.0, "percent_covered_display": "0", "missing_lines": 14, "excluded_lines": 0, "percent_statements_covered": 0.0, "percent_statements_covered_display": "0", "num_branches": 4, "num_partial_branches": 0, "covered_branches": 0, "missing_branches": 4, "percent_branches_covered": 0.0, "percent_branches_covered_display": "0"}, "missing_lines": [843, 844, 845, 846, 849, 850, 851, 852, 853, 854, 856, 857, 858, 859], "excluded_lines": [], "start_line": 833, "executed_branches": [], "missing_branches": [[845, 846], [845, 849], [851, 852], [851, 856]]}, "_log_retry_metrics": {"executed_lines": [945, 946, 951, 952, 953, 955], "summary": {"covered_lines": 6, "num_statements": 6, "percent_covered": 100.0, "percent_covered_display": "100", "missing_lines": 0, "excluded_lines": 0, "percent_statements_covered": 100.0, "percent_statements_covered_display": "100", "num_branches": 0, "num_partial_branches": 0, "covered_branches": 0, "missing_branches": 0, "percent_branches_covered": 100.0, "percent_branches_covered_display": "100"}, "missing_lines": [], "excluded_lines": [], "start_line": 930, "executed_branches": [], "missing_branches": []}, "_is_valid_mission": {"executed_lines": [987, 988, 991, 992, 996, 997, 998, 1001, 1004], "summary": {"covered_lines": 9, "num_statements": 10, "percent_covered": 88.88888888888889, "percent_covered_display": "89", "missing_lines": 1, "excluded_lines": 0, "percent_statements_covered": 90.0, "percent_statements_covered_display": "90", "num_branches": 8, "num_partial_branches": 1, "covered_branches": 7, "missing_branches": 1, "percent_branches_covered": 87.5, "percent_branches_covered_display": "88"}, "missing_lines": [1002], "excluded_lines": [], "start_line": 958, "executed_branches": [[987, 988], [987, 991], [991, 992], [991, 996], [997, 998], [997, 1001], [1001, 1004]], "missing_branches": [[1001, 1002]]}, "_calculate_backoff_interval": {"executed_lines": [1034], "summary": {"covered_lines": 1, "num_statements": 1, "percent_covered": 100.0, "percent_covered_display": "100", "missing_lines": 0, "excluded_lines": 0, "percent_statements_covered": 100.0, "percent_statements_covered_display": "100", "num_branches": 0, "num_partial_branches": 0, "covered_branches": 0, "missing_branches": 0, "percent_branches_covered": 100.0, "percent_branches_covered_display": "100"}, "missing_lines": [], "excluded_lines": [], "start_line": 1007, "executed_branches": [], "missing_branches": []}, "_wait_for_new_mission_with_retry": {"executed_lines": [1109, 1110, 1114, 1122, 1131, 1133, 1134, 1135, 1136, 1140, 1147, 1148, 1149, 1156, 1161, 1163, 1164, 1165, 1166, 1168, 1170, 1171, 1172, 1173, 1174, 1176, 1187, 1188, 1189, 1211, 1212, 1213, 1216, 1218, 1220, 1221, 1222, 1223, 1225, 1226, 1230, 1231, 1232, 1235, 1236, 1237, 1240, 1241, 1242, 1243], "summary": {"covered_lines": 50, "num_statements": 85, "percent_covered": 57.142857142857146, "percent_covered_display": "57", "missing_lines": 35, "excluded_lines": 0, "percent_statements_covered": 58.8235294117647, "percent_statements_covered_display": "59", "num_branches": 34, "num_partial_branches": 10, "covered_branches": 18, "missing_branches": 16, "percent_branches_covered": 52.94117647058823, "percent_branches_covered_display": "53"}, "missing_lines": [1115, 1116, 1119, 1141, 1142, 1143, 1150, 1152, 1153, 1154, 1158, 1159, 1178, 1179, 1180, 1181, 1182, 1190, 1191, 1192, 1193, 1195, 1196, 1197, 1198, 1200, 1201, 1202, 1203, 1205, 1206, 1207, 1217, 1224, 1234], "excluded_lines": [], "start_line": 1037, "executed_branches": [[1114, 1122], [1133, 1134], [1133, 1240], [1140, 1147], [1156, 1161], [1161, 1163], [1161, 1176], [1165, 1166], [1171, 1172], [1176, 1187], [1189, 1211], [1216, 1218], [1218, 1220], [1218, 1230], [1223, 1225], [1230, 1133], [1230, 1231], [1231, 1232]], "missing_branches": [[1114, 1115], [1115, 1116], [1115, 1119], [1140, 1141], [1156, 1158], [1165, 1187], [1171, 1187], [1176, 1178], [1189, 1190], [1191, 1192], [1191, 1211], [1197, 1198], [1197, 1205], [1216, 1217], [1223, 1224], [1231, 1234]]}, "_clear_signal_file": {"executed_lines": [1252, 1253, 1254], "summary": {"covered_lines": 3, "num_statements": 5, "percent_covered": 71.42857142857143, "percent_covered_display": "71", "missing_lines": 2, "excluded_lines": 0, "percent_statements_covered": 60.0, "percent_statements_covered_display": "60", "num_branches": 2, "num_partial_branches": 0, "covered_branches": 2, "missing_branches": 0, "percent_branches_covered": 100.0, "percent_branches_covered_display": "100"}, "missing_lines": [1255, 1256], "excluded_lines": [], "start_line": 1246, "executed_branches": [[1252, -1246], [1252, 1253]], "missing_branches": []}, "_clear_queue_signal_file": {"executed_lines": [1265, 1266, 1267], "summary": {"covered_lines": 3, "num_statements": 5, "percent_covered": 57.142857142857146, "percent_covered_display": "57", "missing_lines": 2, "excluded_lines": 0, "percent_statements_covered": 60.0, "percent_statements_covered_display": "60", "num_branches": 2, "num_partial_branches": 1, "covered_branches": 1, "missing_branches": 1, "percent_branches_covered": 50.0, "percent_branches_covered_display": "50"}, "missing_lines": [1268, 1269], "excluded_lines": [], "start_line": 1259, "executed_branches": [[1265, 1266]], "missing_branches": [[1265, -1259]]}, "get_mission_workspace": {"executed_lines": [], "summary": {"covered_lines": 0, "num_statements": 6, "percent_covered": 0.0, "percent_covered_display": "0", "missing_lines": 6, "excluded_lines": 0, "percent_statements_covered": 0.0, "percent_statements_covered_display": "0", "num_branches": 4, "num_partial_branches": 0, "covered_branches": 0, "missing_branches": 4, "percent_branches_covered": 0.0, "percent_branches_covered_display": "0"}, "missing_lines": [1277, 1278, 1279, 1280, 1281, 1282], "excluded_lines": [], "start_line": 1272, "executed_branches": [], "missing_branches": [[1278, 1279], [1278, 1282], [1280, 1281], [1280, 1282]]}, "_log_parse_failure": {"executed_lines": [], "summary": {"covered_lines": 0, "num_statements": 4, "percent_covered": 0.0, "percent_covered_display": "0", "missing_lines": 4, "excluded_lines": 0, "percent_statements_covered": 0.0, "percent_statements_covered_display": "0", "num_branches": 0, "num_partial_branches": 0, "covered_branches": 0, "missing_branches": 0, "percent_branches_covered": 100.0, "percent_branches_covered_display": "100"}, "missing_lines": [1292, 1293, 1295, 1305], "excluded_lines": [], "start_line": 1285, "executed_branches": [], "missing_branches": []}, "run_rd_mode": {"executed_lines": [], "summary": {"covered_lines": 0, "num_statements": 245, "percent_covered": 0.0, "percent_covered_display": "0", "missing_lines": 245, "excluded_lines": 0, "percent_statements_covered": 0.0, "percent_statements_covered_display": "0", "num_branches": 82, "num_partial_branches": 0, "covered_branches": 0, "missing_branches": 82, "percent_branches_covered": 0.0, "percent_branches_covered_display": "0"}, "missing_lines": [1325, 1326, 1327, 1330, 1332, 1333, 1334, 1341, 1342, 1343, 1346, 1347, 1348, 1349, 1351, 1353, 1354, 1355, 1356, 1357, 1360, 1361, 1369, 1371, 1372, 1373, 1376, 1378, 1379, 1380, 1382, 1383, 1384, 1385, 1387, 1388, 1391, 1392, 1393, 1394, 1397, 1398, 1399, 1400, 1401, 1404, 1405, 1406, 1407, 1408, 1409, 1410, 1411, 1412, 1413, 1414, 1415, 1416, 1419, 1423, 1424, 1425, 1426, 1429, 1436, 1445, 1455, 1458, 1461, 1462, 1465, 1466, 1468, 1469, 1470, 1471, 1472, 1473, 1477, 1478, 1480, 1481, 1483, 1484, 1487, 1490, 1491, 1495, 1496, 1497, 1499, 1570, 1571, 1572, 1573, 1579, 1580, 1581, 1582, 1586, 1587, 1588, 1589, 1590, 1591, 1594, 1595, 1596, 1597, 1598, 1599, 1600, 1601, 1602, 1609, 1610, 1612, 1613, 1616, 1617, 1622, 1623, 1625, 1631, 1632, 1634, 1641, 1642, 1643, 1646, 1647, 1648, 1649, 1650, 1651, 1652, 1653, 1654, 1656, 1657, 1658, 1661, 1662, 1665, 1675, 1676, 1679, 1680, 1690, 1691, 1694, 1695, 1698, 1699, 1702, 1705, 1706, 1707, 1708, 1709, 1710, 1712, 1713, 1714, 1717, 1718, 1721, 1722, 1729, 1730, 1732, 1740, 1743, 1746, 1747, 1750, 1751, 1760, 1761, 1763, 1764, 1765, 1766, 1767, 1769, 1770, 1771, 1780, 1783, 1784, 1785, 1787, 1788, 1789, 1792, 1794, 1796, 1797, 1798, 1799, 1800, 1801, 1802, 1803, 1804, 1805, 1807, 1809, 1811, 1812, 1813, 1819, 1820, 1821, 1822, 1823, 1828, 1829, 1830, 1833, 1835, 1836, 1842, 1845, 1848, 1856, 1857, 1860, 1863, 1864, 1865, 1866, 1869, 1870, 1876, 1879, 1881, 1882, 1883, 1885, 1886, 1887, 1888, 1890, 1891], "excluded_lines": [], "start_line": 1312, "executed_branches": [], "missing_branches": [[1330, 1332], [1330, 1346], [1334, 1341], [1334, 1351], [1346, 1347], [1346, 1351], [1360, 1361], [1360, 1371], [1383, 1384], [1383, 1885], [1391, 1392], [1391, 1397], [1398, 1399], [1398, 1423], [1404, 1405], [1404, 1409], [1409, 1410], [1409, 1413], [1413, 1414], [1413, 1419], [1423, 1424], [1423, 1487], [1461, 1462], [1461, 1465], [1465, 1466], [1465, 1468], [1468, 1469], [1468, 1477], [1480, 1481], [1480, 1483], [1570, 1571], [1570, 1586], [1579, 1580], [1579, 1586], [1587, 1588], [1587, 1589], [1589, 1590], [1589, 1591], [1594, 1595], [1594, 1609], [1599, 1600], [1599, 1609], [1609, 1610], [1609, 1634], [1634, 1641], [1634, 1792], [1641, 1642], [1641, 1702], [1646, 1647], [1646, 1650], [1650, 1651], [1650, 1656], [1705, 1706], [1705, 1743], [1712, 1713], [1712, 1714], [1763, 1764], [1763, 1783], [1769, 1770], [1769, 1771], [1794, 1796], [1794, 1807], [1800, 1801], [1800, 1807], [1802, 1803], [1802, 1807], [1807, 1809], [1807, 1842], [1811, 1812], [1811, 1819], [1820, 1821], [1820, 1823], [1835, 1836], [1835, 1845], [1856, 1857], [1856, 1860], [1863, 1864], [1863, 1876], [1869, 1870], [1869, 1876], [1887, 1888], [1887, 1890]]}, "run_rd_mode.shutdown_callback": {"executed_lines": [], "summary": {"covered_lines": 0, "num_statements": 5, "percent_covered": 0.0, "percent_covered_display": "0", "missing_lines": 5, "excluded_lines": 0, "percent_statements_covered": 0.0, "percent_statements_covered_display": "0", "num_branches": 0, "num_partial_branches": 0, "covered_branches": 0, "missing_branches": 0, "percent_branches_covered": 100.0, "percent_branches_covered_display": "100"}, "missing_lines": [1363, 1364, 1365, 1366, 1367], "excluded_lines": [], "start_line": 1361, "executed_branches": [], "missing_branches": []}, "run_rd_mode.on_context_handoff": {"executed_lines": [], "summary": {"covered_lines": 0, "num_statements": 32, "percent_covered": 0.0, "percent_covered_display": "0", "missing_lines": 32, "excluded_lines": 0, "percent_statements_covered": 0.0, "percent_statements_covered_display": "0", "num_branches": 12, "num_partial_branches": 0, "covered_branches": 0, "missing_branches": 12, "percent_branches_covered": 0.0, "percent_branches_covered_display": "0"}, "missing_lines": [1501, 1502, 1503, 1505, 1507, 1510, 1512, 1513, 1514, 1516, 1518, 1522, 1525, 1529, 1531, 1533, 1535, 1537, 1538, 1539, 1540, 1542, 1543, 1547, 1549, 1553, 1555, 1557, 1558, 1563, 1564, 1565], "excluded_lines": [], "start_line": 1499, "executed_branches": [], "missing_branches": [[1507, 1510], [1507, 1533], [1516, 1518], [1516, 1525], [1533, 1535], [1533, 1557], [1542, 1543], [1542, 1549], [1557, 1558], [1557, 1563], [1564, -1499], [1564, 1565]]}, "build_free_mode_prompt": {"executed_lines": [], "summary": {"covered_lines": 0, "num_statements": 1, "percent_covered": 0.0, "percent_covered_display": "0", "missing_lines": 1, "excluded_lines": 0, "percent_statements_covered": 0.0, "percent_statements_covered_display": "0", "num_branches": 0, "num_partial_branches": 0, "covered_branches": 0, "missing_branches": 0, "percent_branches_covered": 100.0, "percent_branches_covered_display": "100"}, "missing_lines": [1900], "excluded_lines": [], "start_line": 1898, "executed_branches": [], "missing_branches": []}, "run_free_mode": {"executed_lines": [], "summary": {"covered_lines": 0, "num_statements": 43, "percent_covered": 0.0, "percent_covered_display": "0", "missing_lines": 43, "excluded_lines": 0, "percent_statements_covered": 0.0, "percent_statements_covered_display": "0", "num_branches": 10, "num_partial_branches": 0, "covered_branches": 0, "missing_branches": 10, "percent_branches_covered": 0.0, "percent_branches_covered_display": "0"}, "missing_lines": [1941, 1942, 1944, 1945, 1946, 1948, 1950, 1951, 1952, 1953, 1954, 1956, 1958, 1960, 1961, 1962, 1963, 1965, 1968, 1969, 1970, 1971, 1972, 1976, 1977, 1979, 1980, 1981, 1982, 1985, 1987, 1988, 1990, 1998, 1999, 2001, 2002, 2004, 2005, 2006, 2008, 2009, 2010], "excluded_lines": [], "start_line": 1935, "executed_branches": [], "missing_branches": [[1961, 1962], [1961, 2008], [1969, 1970], [1969, 1976], [1979, 1980], [1979, 1985], [1987, 1988], [1987, 2001], [1998, 1999], [1998, 2001]]}, "main": {"executed_lines": [], "summary": {"covered_lines": 0, "num_statements": 22, "percent_covered": 0.0, "percent_covered_display": "0", "missing_lines": 22, "excluded_lines": 0, "percent_statements_covered": 0.0, "percent_statements_covered_display": "0", "num_branches": 16, "num_partial_branches": 0, "covered_branches": 0, "missing_branches": 16, "percent_branches_covered": 0.0, "percent_branches_covered_display": "0"}, "missing_lines": [2019, 2021, 2023, 2024, 2025, 2027, 2028, 2029, 2030, 2032, 2033, 2036, 2038, 2039, 2040, 2042, 2043, 2044, 2045, 2047, 2048, 2049], "excluded_lines": [], "start_line": 2017, "executed_branches": [], "missing_branches": [[2019, 2021], [2019, 2036], [2023, 2024], [2023, 2027], [2027, 2028], [2027, 2029], [2029, 2030], [2029, 2032], [2038, 2039], [2038, 2042], [2039, 2038], [2039, 2040], [2042, 2043], [2042, 2044], [2044, 2045], [2044, 2047]]}, "": {"executed_lines": [18, 19, 20, 21, 22, 23, 24, 25, 26, 27, 28, 29, 30, 31, 34, 35, 38, 49, 50, 51, 52, 53, 54, 59, 64, 65, 66, 72, 73, 81, 92, 94, 95, 96, 97, 99, 109, 118, 119, 120, 121, 122, 125, 126, 127, 128, 129, 130, 131, 134, 137, 138, 139, 140, 141, 142, 145, 154, 157, 160, 165, 168, 169, 172, 180, 185, 190, 195, 205, 260, 269, 294, 309, 315, 316, 323, 338, 343, 354, 359, 376, 383, 404, 412, 419, 424, 434, 435, 438, 444, 466, 603, 646, 665, 734, 735, 736, 738, 756, 833, 921, 924, 927, 930, 958, 1007, 1037, 1246, 1259, 1272, 1285, 1312, 1898, 1935, 2017, 2052], "summary": {"covered_lines": 116, "num_statements": 133, "percent_covered": 85.61151079136691, "percent_covered_display": "86", "missing_lines": 17, "excluded_lines": 0, "percent_statements_covered": 87.21804511278195, "percent_statements_covered_display": "87", "num_branches": 6, "num_partial_branches": 3, "covered_branches": 3, "missing_branches": 3, "percent_branches_covered": 50.0, "percent_branches_covered_display": "50"}, "missing_lines": [60, 61, 67, 68, 69, 82, 83, 84, 85, 86, 87, 88, 89, 110, 111, 2053, 2054], "excluded_lines": [], "start_line": 1, "executed_branches": [[52, 53], [96, 97], [2052, -1]], "missing_branches": [[52, 54], [96, 99], [2052, 2053]]}}, "classes": {"": {"executed_lines": [18, 19, 20, 21, 22, 23, 24, 25, 26, 27, 28, 29, 30, 31, 34, 35, 38, 49, 50, 51, 52, 53, 54, 59, 64, 65, 66, 72, 73, 81, 92, 94, 95, 96, 97, 99, 109, 118, 119, 120, 121, 122, 125, 126, 127, 128, 129, 130, 131, 134, 137, 138, 139, 140, 141, 142, 145, 154, 157, 160, 165, 168, 169, 172, 180, 185, 190, 195, 205, 260, 269, 294, 309, 315, 316, 323, 338, 343, 354, 359, 376, 378, 379, 380, 383, 404, 412, 419, 424, 434, 435, 438, 440, 441, 444, 466, 487, 488, 490, 491, 492, 493, 494, 495, 498, 499, 500, 501, 502, 503, 505, 516, 517, 520, 521, 522, 523, 524, 525, 526, 528, 529, 530, 531, 532, 533, 534, 535, 536, 537, 538, 539, 540, 541, 542, 543, 545, 546, 548, 549, 551, 552, 553, 554, 555, 556, 557, 558, 559, 561, 562, 564, 565, 566, 571, 572, 573, 577, 578, 579, 583, 584, 588, 589, 591, 593, 594, 596, 597, 598, 599, 600, 603, 616, 617, 618, 620, 621, 622, 624, 625, 626, 627, 628, 629, 630, 631, 632, 633, 634, 635, 636, 637, 638, 639, 640, 641, 643, 646, 660, 661, 662, 665, 688, 689, 692, 693, 694, 695, 699, 700, 701, 702, 703, 714, 715, 716, 717, 718, 720, 721, 722, 726, 727, 734, 735, 736, 738, 756, 833, 921, 924, 927, 930, 945, 946, 951, 952, 953, 955, 958, 987, 988, 991, 992, 996, 997, 998, 1001, 1004, 1007, 1034, 1037, 1109, 1110, 1114, 1122, 1131, 1133, 1134, 1135, 1136, 1140, 1147, 1148, 1149, 1156, 1161, 1163, 1164, 1165, 1166, 1168, 1170, 1171, 1172, 1173, 1174, 1176, 1187, 1188, 1189, 1211, 1212, 1213, 1216, 1218, 1220, 1221, 1222, 1223, 1225, 1226, 1230, 1231, 1232, 1235, 1236, 1237, 1240, 1241, 1242, 1243, 1246, 1252, 1253, 1254, 1259, 1265, 1266, 1267, 1272, 1285, 1312, 1898, 1935, 2017, 2052], "summary": {"covered_lines": 318, "num_statements": 906, "percent_covered": 33.58714043993232, "percent_covered_display": "34", "missing_lines": 588, "excluded_lines": 0, "percent_statements_covered": 35.09933774834437, "percent_statements_covered_display": "35", "num_branches": 276, "num_partial_branches": 15, "covered_branches": 79, "missing_branches": 197, "percent_branches_covered": 28.6231884057971, "percent_branches_covered_display": "29"}, "missing_lines": [60, 61, 67, 68, 69, 82, 83, 84, 85, 86, 87, 88, 89, 110, 111, 174, 175, 176, 177, 182, 187, 192, 197, 198, 199, 200, 201, 202, 213, 214, 215, 216, 218, 219, 223, 224, 225, 226, 227, 228, 230, 232, 233, 234, 235, 237, 238, 240, 241, 242, 243, 244, 247, 248, 249, 250, 255, 256, 257, 262, 263, 264, 265, 266, 279, 280, 281, 282, 283, 284, 285, 286, 287, 288, 289, 290, 291, 297, 298, 299, 300, 301, 302, 303, 304, 306, 311, 312, 325, 340, 345, 356, 361, 362, 363, 364, 369, 370, 371, 373, 385, 387, 388, 389, 390, 396, 397, 398, 400, 401, 406, 407, 408, 409, 414, 420, 421, 425, 426, 447, 448, 449, 450, 451, 452, 453, 454, 455, 456, 457, 458, 459, 460, 461, 462, 463, 704, 706, 707, 708, 709, 710, 723, 724, 776, 777, 778, 785, 786, 791, 792, 793, 804, 805, 807, 808, 809, 810, 811, 812, 813, 815, 816, 817, 819, 820, 822, 823, 825, 826, 827, 828, 829, 830, 843, 844, 845, 846, 849, 850, 851, 852, 853, 854, 856, 857, 858, 859, 1002, 1115, 1116, 1119, 1141, 1142, 1143, 1150, 1152, 1153, 1154, 1158, 1159, 1178, 1179, 1180, 1181, 1182, 1190, 1191, 1192, 1193, 1195, 1196, 1197, 1198, 1200, 1201, 1202, 1203, 1205, 1206, 1207, 1217, 1224, 1234, 1255, 1256, 1268, 1269, 1277, 1278, 1279, 1280, 1281, 1282, 1292, 1293, 1295, 1305, 1325, 1326, 1327, 1330, 1332, 1333, 1334, 1341, 1342, 1343, 1346, 1347, 1348, 1349, 1351, 1353, 1354, 1355, 1356, 1357, 1360, 1361, 1363, 1364, 1365, 1366, 1367, 1369, 1371, 1372, 1373, 1376, 1378, 1379, 1380, 1382, 1383, 1384, 1385, 1387, 1388, 1391, 1392, 1393, 1394, 1397, 1398, 1399, 1400, 1401, 1404, 1405, 1406, 1407, 1408, 1409, 1410, 1411, 1412, 1413, 1414, 1415, 1416, 1419, 1423, 1424, 1425, 1426, 1429, 1436, 1445, 1455, 1458, 1461, 1462, 1465, 1466, 1468, 1469, 1470, 1471, 1472, 1473, 1477, 1478, 1480, 1481, 1483, 1484, 1487, 1490, 1491, 1495, 1496, 1497, 1499, 1501, 1502, 1503, 1505, 1507, 1510, 1512, 1513, 1514, 1516, 1518, 1522, 1525, 1529, 1531, 1533, 1535, 1537, 1538, 1539, 1540, 1542, 1543, 1547, 1549, 1553, 1555, 1557, 1558, 1563, 1564, 1565, 1570, 1571, 1572, 1573, 1579, 1580, 1581, 1582, 1586, 1587, 1588, 1589, 1590, 1591, 1594, 1595, 1596, 1597, 1598, 1599, 1600, 1601, 1602, 1609, 1610, 1612, 1613, 1616, 1617, 1622, 1623, 1625, 1631, 1632, 1634, 1641, 1642, 1643, 1646, 1647, 1648, 1649, 1650, 1651, 1652, 1653, 1654, 1656, 1657, 1658, 1661, 1662, 1665, 1675, 1676, 1679, 1680, 1690, 1691, 1694, 1695, 1698, 1699, 1702, 1705, 1706, 1707, 1708, 1709, 1710, 1712, 1713, 1714, 1717, 1718, 1721, 1722, 1729, 1730, 1732, 1740, 1743, 1746, 1747, 1750, 1751, 1760, 1761, 1763, 1764, 1765, 1766, 1767, 1769, 1770, 1771, 1780, 1783, 1784, 1785, 1787, 1788, 1789, 1792, 1794, 1796, 1797, 1798, 1799, 1800, 1801, 1802, 1803, 1804, 1805, 1807, 1809, 1811, 1812, 1813, 1819, 1820, 1821, 1822, 1823, 1828, 1829, 1830, 1833, 1835, 1836, 1842, 1845, 1848, 1856, 1857, 1860, 1863, 1864, 1865, 1866, 1869, 1870, 1876, 1879, 1881, 1882, 1883, 1885, 1886, 1887, 1888, 1890, 1891, 1900, 1941, 1942, 1944, 1945, 1946, 1948, 1950, 1951, 1952, 1953, 1954, 1956, 1958, 1960, 1961, 1962, 1963, 1965, 1968, 1969, 1970, 1971, 1972, 1976, 1977, 1979, 1980, 1981, 1982, 1985, 1987, 1988, 1990, 1998, 1999, 2001, 2002, 2004, 2005, 2006, 2008, 2009, 2010, 2019, 2021, 2023, 2024, 2025, 2027, 2028, 2029, 2030, 2032, 2033, 2036, 2038, 2039, 2040, 2042, 2043, 2044, 2045, 2047, 2048, 2049, 2053, 2054], "excluded_lines": [], "start_line": 1, "executed_branches": [[52, 53], [96, 97], [487, 488], [487, 490], [495, 498], [495, 503], [499, 500], [499, 503], [501, 502], [501, 503], [523, 524], [523, 528], [548, 549], [548, 561], [551, 552], [551, 558], [554, 555], [554, 558], [564, 565], [564, 593], [578, 579], [578, 583], [583, 584], [583, 588], [588, 589], [588, 591], [617, 618], [617, 620], [624, 625], [624, 643], [625, 626], [625, 628], [628, 629], [628, 631], [631, 632], [631, 634], [634, 635], [634, 636], [636, 637], [636, 638], [638, 624], [638, 639], [640, 624], [640, 641], [688, 689], [688, 692], [700, 701], [700, 714], [715, 716], [715, 726], [987, 988], [987, 991], [991, 992], [991, 996], [997, 998], [997, 1001], [1001, 1004], [1114, 1122], [1133, 1134], [1133, 1240], [1140, 1147], [1156, 1161], [1161, 1163], [1161, 1176], [1165, 1166], [1171, 1172], [1176, 1187], [1189, 1211], [1216, 1218], [1218, 1220], [1218, 1230], [1223, 1225], [1230, 1133], [1230, 1231], [1231, 1232], [1252, -1246], [1252, 1253], [1265, 1266], [2052, -1]], "missing_branches": [[52, 54], [96, 99], [175, 176], [175, 177], [199, 200], [199, 202], [214, 215], [214, 230], [216, 218], [216, 219], [223, 224], [223, 225], [225, 226], [225, 227], [230, 232], [230, 247], [233, 234], [233, 235], [238, 240], [238, 241], [241, 242], [241, 244], [255, 256], [255, 257], [288, 289], [288, 291], [297, -294], [297, 298], [362, 363], [362, 364], [369, 370], [369, 371], [388, 389], [388, 390], [396, 397], [396, 398], [407, 408], [407, 409], [425, -424], [425, 426], [449, 450], [449, 451], [804, 805], [804, 822], [807, 808], [807, 815], [810, 811], [810, 815], [815, 816], [815, 819], [845, 846], [845, 849], [851, 852], [851, 856], [1001, 1002], [1114, 1115], [1115, 1116], [1115, 1119], [1140, 1141], [1156, 1158], [1165, 1187], [1171, 1187], [1176, 1178], [1189, 1190], [1191, 1192], [1191, 1211], [1197, 1198], [1197, 1205], [1216, 1217], [1223, 1224], [1231, 1234], [1265, -1259], [1278, 1279], [1278, 1282], [1280, 1281], [1280, 1282], [1330, 1332], [1330, 1346], [1334, 1341], [1334, 1351], [1346, 1347], [1346, 1351], [1360, 1361], [1360, 1371], [1383, 1384], [1383, 1885], [1391, 1392], [1391, 1397], [1398, 1399], [1398, 1423], [1404, 1405], [1404, 1409], [1409, 1410], [1409, 1413], [1413, 1414], [1413, 1419], [1423, 1424], [1423, 1487], [1461, 1462], [1461, 1465], [1465, 1466], [1465, 1468], [1468, 1469], [1468, 1477], [1480, 1481], [1480, 1483], [1507, 1510], [1507, 1533], [1516, 1518], [1516, 1525], [1533, 1535], [1533, 1557], [1542, 1543], [1542, 1549], [1557, 1558], [1557, 1563], [1564, -1499], [1564, 1565], [1570, 1571], [1570, 1586], [1579, 1580], [1579, 1586], [1587, 1588], [1587, 1589], [1589, 1590], [1589, 1591], [1594, 1595], [1594, 1609], [1599, 1600], [1599, 1609], [1609, 1610], [1609, 1634], [1634, 1641], [1634, 1792], [1641, 1642], [1641, 1702], [1646, 1647], [1646, 1650], [1650, 1651], [1650, 1656], [1705, 1706], [1705, 1743], [1712, 1713], [1712, 1714], [1763, 1764], [1763, 1783], [1769, 1770], [1769, 1771], [1794, 1796], [1794, 1807], [1800, 1801], [1800, 1807], [1802, 1803], [1802, 1807], [1807, 1809], [1807, 1842], [1811, 1812], [1811, 1819], [1820, 1821], [1820, 1823], [1835, 1836], [1835, 1845], [1856, 1857], [1856, 1860], [1863, 1864], [1863, 1876], [1869, 1870], [1869, 1876], [1887, 1888], [1887, 1890], [1961, 1962], [1961, 2008], [1969, 1970], [1969, 1976], [1979, 1980], [1979, 1985], [1987, 1988], [1987, 2001], [1998, 1999], [1998, 2001], [2019, 2021], [2019, 2036], [2023, 2024], [2023, 2027], [2027, 2028], [2027, 2029], [2029, 2030], [2029, 2032], [2038, 2039], [2038, 2042], [2039, 2038], [2039, 2040], [2042, 2043], [2042, 2044], [2044, 2045], [2044, 2047], [2052, 2053]]}}}}, "totals": {"covered_lines": 318, "num_statements": 906, "percent_covered": 33.58714043993232, "percent_covered_display": "34", "missing_lines": 588, "excluded_lines": 0, "percent_statements_covered": 35.09933774834437, "percent_statements_covered_display": "35", "num_branches": 276, "num_partial_branches": 15, "covered_branches": 79, "missing_branches": 197, "percent_branches_covered": 28.6231884057971, "percent_branches_covered_display": "29"}}